{
	Sun Jul 02 2023 21:2:38 
	[success] 
	info: Database Connection Successful
}
{
	Sun Jul 02 2023 21:2:38 
	[success] 
	info: Application Listening at port 5000
}
{
	Sun Jul 02 2023 21:2:52 
	[success] 
	info: Database Connection Successful
}
{
	Sun Jul 02 2023 21:2:52 
	[success] 
	info: Application Listening at port 5000
}
{
	Sun Jul 02 2023 21:7:5 
	[success] 
	info: Database Connection Successful
}
{
	Sun Jul 02 2023 21:7:5 
	[success] 
	info: Application Listening at port 5000
}
{
	Sun Jul 02 2023 21:7:16 
	[success] 
	info: Database Connection Successful
}
{
	Sun Jul 02 2023 21:7:16 
	[success] 
	info: Application Listening at port 5000
}
{
	Sun Jul 02 2023 21:7:59 
	[success] 
	info: Database Connection Successful
}
{
	Sun Jul 02 2023 21:7:59 
	[success] 
	info: Application Listening at port 5000
}
{
	Sun Jul 02 2023 21:20:44 
	[success] 
	info: Database Connection Successful
}
{
	Sun Jul 02 2023 21:20:44 
	[success] 
	info: Application Listening at port 5000
}
{
	Sun Jul 02 2023 21:22:33 
	[success] 
	info: Database Connection Successful
}
{
	Sun Jul 02 2023 21:22:33 
	[success] 
	info: Application Listening at port 5000
}
{
	Sun Jul 02 2023 21:22:46 
	[success] 
	info: Database Connection Successful
}
{
	Sun Jul 02 2023 21:22:46 
	[success] 
	info: Application Listening at port 5000
}
{
	Sun Jul 02 2023 21:29:44 
	[success] 
	info: Database Connection Successful
}
{
	Sun Jul 02 2023 21:29:44 
	[success] 
	info: Application Listening at port 5000
}
{
	Sun Jul 02 2023 21:31:22 
	[success] 
	info: Database Connection Successful
}
{
	Sun Jul 02 2023 21:31:22 
	[success] 
	info: Application Listening at port 5000
}
{
	Sun Jul 02 2023 21:32:44 
	[success] 
	info: Database Connection Successful
}
{
	Sun Jul 02 2023 21:32:44 
	[success] 
	info: Application Listening at port 5000
}
{
	Sun Jul 02 2023 21:36:35 
	[success] 
	info: Database Connection Successful
}
{
	Sun Jul 02 2023 21:36:35 
	[success] 
	info: Application Listening at port 5000
}
{
	Sun Jul 02 2023 21:36:46 
	[success] 
	info: Database Connection Successful
}
{
	Sun Jul 02 2023 21:36:46 
	[success] 
	info: Application Listening at port 5000
}
{
	Sun Jul 02 2023 21:38:34 
	[success] 
	info: Database Connection Successful
}
{
	Sun Jul 02 2023 21:38:34 
	[success] 
	info: Application Listening at port 5000
}
