{
	Sat Jul 01 2023 20:27:58 
	[success] 
	info: Database Connection Successful
}
{
	Sat Jul 01 2023 20:27:58 
	[success] 
	info: Application Listening at port 5000
}
{
	Sat Jul 01 2023 20:33:53 
	[success] 
	info: Database Connection Successful
}
{
	Sat Jul 01 2023 20:33:53 
	[success] 
	info: Application Listening at port 5000
}
{
	Sat Jul 01 2023 20:34:16 
	[success] 
	info: Database Connection Successful
}
{
	Sat Jul 01 2023 20:34:16 
	[success] 
	info: Application Listening at port 5000
}
{
	Sat Jul 01 2023 20:35:21 
	[success] 
	info: Database Connection Successful
}
{
	Sat Jul 01 2023 20:35:21 
	[success] 
	info: Application Listening at port 5000
}
{
	Sat Jul 01 2023 20:35:39 
	[success] 
	info: Database Connection Successful
}
{
	Sat Jul 01 2023 20:35:39 
	[success] 
	info: Application Listening at port 5000
}
{
	Sat Jul 01 2023 20:35:59 
	[success] 
	info: Database Connection Successful
}
{
	Sat Jul 01 2023 20:35:59 
	[success] 
	info: Application Listening at port 5000
}
{
	Sat Jul 01 2023 20:37:11 
	[success] 
	info: Database Connection Successful
}
{
	Sat Jul 01 2023 20:37:11 
	[success] 
	info: Application Listening at port 5000
}
