{
	Sun Jul 02 2023 11:21:0 
	[success] 
	info: Database Connection Successful
}
{
	Sun Jul 02 2023 11:21:0 
	[success] 
	info: Application Listening at port 5000
}
{
	Sun Jul 02 2023 11:49:54 
	[success] 
	info: Database Connection Successful
}
{
	Sun Jul 02 2023 11:49:54 
	[success] 
	info: Application Listening at port 5000
}
{
	Sun Jul 02 2023 11:50:28 
	[success] 
	info: Database Connection Successful
}
{
	Sun Jul 02 2023 11:50:28 
	[success] 
	info: Application Listening at port 5000
}
{
	Sun Jul 02 2023 11:51:25 
	[success] 
	info: Database Connection Successful
}
{
	Sun Jul 02 2023 11:51:25 
	[success] 
	info: Application Listening at port 5000
}
{
	Sun Jul 02 2023 11:53:1 
	[success] 
	info: Database Connection Successful
}
{
	Sun Jul 02 2023 11:53:1 
	[success] 
	info: Application Listening at port 5000
}
{
	Sun Jul 02 2023 11:53:33 
	[success] 
	info: Database Connection Successful
}
{
	Sun Jul 02 2023 11:53:33 
	[success] 
	info: Application Listening at port 5000
}
{
	Sun Jul 02 2023 11:55:13 
	[success] 
	info: Database Connection Successful
}
{
	Sun Jul 02 2023 11:55:13 
	[success] 
	info: Application Listening at port 5000
}
{
	Sun Jul 02 2023 11:55:23 
	[success] 
	info: Database Connection Successful
}
{
	Sun Jul 02 2023 11:55:23 
	[success] 
	info: Application Listening at port 5000
}
