{
	Sun Jul 02 2023 20:7:31 
	[success] 
	info: Database Connection Successful
}
{
	Sun Jul 02 2023 20:7:31 
	[success] 
	info: Application Listening at port 5000
}
{
	Sun Jul 02 2023 20:10:9 
	[success] 
	info: Database Connection Successful
}
{
	Sun Jul 02 2023 20:10:9 
	[success] 
	info: Application Listening at port 5000
}
{
	Sun Jul 02 2023 20:14:5 
	[success] 
	info: Database Connection Successful
}
{
	Sun Jul 02 2023 20:14:5 
	[success] 
	info: Application Listening at port 5000
}
{
	Sun Jul 02 2023 20:14:30 
	[success] 
	info: Database Connection Successful
}
{
	Sun Jul 02 2023 20:14:30 
	[success] 
	info: Application Listening at port 5000
}
{
	Sun Jul 02 2023 20:15:35 
	[success] 
	info: Database Connection Successful
}
{
	Sun Jul 02 2023 20:15:35 
	[success] 
	info: Application Listening at port 5000
}
{
	Sun Jul 02 2023 20:18:0 
	[success] 
	info: Database Connection Successful
}
{
	Sun Jul 02 2023 20:18:0 
	[success] 
	info: Application Listening at port 5000
}
{
	Sun Jul 02 2023 20:18:15 
	[success] 
	info: Database Connection Successful
}
{
	Sun Jul 02 2023 20:18:15 
	[success] 
	info: Application Listening at port 5000
}
{
	Sun Jul 02 2023 20:18:23 
	[success] 
	info: Database Connection Successful
}
{
	Sun Jul 02 2023 20:18:23 
	[success] 
	info: Application Listening at port 5000
}
{
	Sun Jul 02 2023 20:42:50 
	[success] 
	info: Database Connection Successful
}
{
	Sun Jul 02 2023 20:42:50 
	[success] 
	info: Application Listening at port 5000
}
{
	Sun Jul 02 2023 20:43:46 
	[success] 
	info: Database Connection Successful
}
{
	Sun Jul 02 2023 20:43:46 
	[success] 
	info: Application Listening at port 5000
}
{
	Sun Jul 02 2023 20:44:16 
	[success] 
	info: Database Connection Successful
}
{
	Sun Jul 02 2023 20:44:16 
	[success] 
	info: Application Listening at port 5000
}
{
	Sun Jul 02 2023 20:44:34 
	[success] 
	info: Database Connection Successful
}
{
	Sun Jul 02 2023 20:44:34 
	[success] 
	info: Application Listening at port 5000
}
{
	Sun Jul 02 2023 20:59:31 
	[success] 
	info: Database Connection Successful
}
{
	Sun Jul 02 2023 20:59:31 
	[success] 
	info: Application Listening at port 5000
}
