{
	Sun Jul 02 2023 12:37:51 
	[success] 
	info: Database Connection Successful
}
{
	Sun Jul 02 2023 12:37:51 
	[success] 
	info: Application Listening at port 5000
}
{
	Sun Jul 02 2023 12:37:56 
	[success] 
	info: Database Connection Successful
}
{
	Sun Jul 02 2023 12:37:56 
	[success] 
	info: Application Listening at port 5000
}
{
	Sun Jul 02 2023 12:40:30 
	[success] 
	info: Database Connection Successful
}
{
	Sun Jul 02 2023 12:40:30 
	[success] 
	info: Application Listening at port 5000
}
{
	Sun Jul 02 2023 12:40:43 
	[success] 
	info: Database Connection Successful
}
{
	Sun Jul 02 2023 12:40:43 
	[success] 
	info: Application Listening at port 5000
}
{
	Sun Jul 02 2023 12:42:21 
	[success] 
	info: Database Connection Successful
}
{
	Sun Jul 02 2023 12:42:21 
	[success] 
	info: Application Listening at port 5000
}
